{"message":"New connection: 6-c_VadNE2OGrawgAAAA","level":"info"}
{"message":"6-c_VadNE2OGrawgAAAA successfully joined chat with username - dog","level":"info"}
{"message":"dog's timer has been reset","level":"info"}
{"message":"dog with ID 6-c_VadNE2OGrawgAAAA sent a new message - dsds","level":"info"}
{"message":"dog's timer has been reset","level":"info"}
{"message":"dog with ID 6-c_VadNE2OGrawgAAAA sent a new message - dsds","level":"info"}
{"message":"dog's timer has been reset","level":"info"}
{"message":"dog with ID 6-c_VadNE2OGrawgAAAA sent a new message - kfdf","level":"info"}
{"message":"New connection: XI4ZyNQ_HSpxUMFSAAAB","level":"info"}
{"message":"XI4ZyNQ_HSpxUMFSAAAB tried to join chat chat with taken username - dog","level":"error"}
{"message":"6-c_VadNE2OGrawgAAAA successfully joined chat with username - 88888","level":"info"}
{"message":"88888 with ID 6-c_VadNE2OGrawgAAAA just left the chat","level":"info"}
{"message":"6-c_VadNE2OGrawgAAAA tried to join chat with invalid username","level":"error"}
{"message":"New connection: tA77YJfLtmMFoVqGAAAA","level":"info"}
{"message":"tA77YJfLtmMFoVqGAAAA successfully joined chat with username - 333","level":"info"}
{"message":"333's timer has been reset","level":"info"}
{"message":"333 with ID tA77YJfLtmMFoVqGAAAA sent a new message - sdsds","level":"info"}
{"message":"333's timer has been reset","level":"info"}
{"message":"333 with ID tA77YJfLtmMFoVqGAAAA sent a new message - dsd","level":"info"}
{"message":"New connection: ZCkerV-R7YMgx7exAAAA","level":"info"}
{"message":"ZCkerV-R7YMgx7exAAAA successfully joined chat with username - kdsds","level":"info"}
{"message":"New connection: kBSbbq78WJ_55ok5AAAA","level":"info"}
{"message":"kBSbbq78WJ_55ok5AAAA successfully joined chat with username - kali","level":"info"}
{"message":"kali's timer has been reset","level":"info"}
{"message":"kali with ID kBSbbq78WJ_55ok5AAAA sent a new message - dsada","level":"info"}
{"message":"kali's timer has been reset","level":"info"}
{"message":"kali with ID kBSbbq78WJ_55ok5AAAA sent a new message - hello","level":"info"}
{"message":"kali's timer has been reset","level":"info"}
{"message":"kali with ID kBSbbq78WJ_55ok5AAAA sent a new message - hur ar laget","level":"info"}
{"message":"kali's timer has been reset","level":"info"}
{"message":"kali with ID kBSbbq78WJ_55ok5AAAA sent a new message - bra","level":"info"}
{"message":"New connection: 1m0ii2dmU6H_7L62AAAB","level":"info"}
{"message":"New connection: LFW1TdRNbVPoSO1RAAAC","level":"info"}
{"message":"New connection: aQZ6c-qMwckMCvYEAAAA","level":"info"}
{"message":"aQZ6c-qMwckMCvYEAAAA joined chat with username - dog","level":"info"}
{"message":"New connection: FB6eKgGqWlLHbJPFAAAB","level":"info"}
{"message":"FB6eKgGqWlLHbJPFAAAB tried to join chat with taken username - cat","level":"error"}
{"message":"FB6eKgGqWlLHbJPFAAAB tried to join chat with taken username - lion","level":"error"}
{"message":"FB6eKgGqWlLHbJPFAAAB tried to join chat with taken username - lion","level":"error"}
{"message":"FB6eKgGqWlLHbJPFAAAB tried to join chat with taken username - dsd","level":"error"}
{"message":"New connection: l4GSYLjIrBW_ULxPAAAC","level":"info"}
{"message":"l4GSYLjIrBW_ULxPAAAC joined chat with username - dog","level":"info"}
{"message":"aQZ6c-qMwckMCvYEAAAA tried to join chat with taken username - cat","level":"error"}
{"message":"New connection: le_JyAmD_-HLfpGVAAAD","level":"info"}
{"message":"le_JyAmD_-HLfpGVAAAD tried to join chat with taken username - cat","level":"error"}
{"message":"dog's timer has been reset","level":"info"}
{"message":"dog with ID l4GSYLjIrBW_ULxPAAAC sent a new message - ","level":"info"}
{"message":"le_JyAmD_-HLfpGVAAAD tried to join chat with taken username - cat","level":"error"}
{"message":"le_JyAmD_-HLfpGVAAAD tried to join chat with taken username - cat","level":"error"}
{"message":"New connection: WG3pB3I4PW-YFrrqAAAE","level":"info"}
{"message":"New connection: cD7H0KlZzT719xtAAAAF","level":"info"}
{"message":"New connection: HE_XJUtHGa5v4oeOAAAG","level":"info"}
{"message":"New connection: 0eo7aZg8dT6ZiDH_AAAH","level":"info"}
{"message":"0eo7aZg8dT6ZiDH_AAAH joined chat with username - dog","level":"info"}
{"message":"HE_XJUtHGa5v4oeOAAAG tried to join chat with taken username - cat","level":"error"}
{"message":"New connection: s4DPUyR9XLkJbmJKAAAA","level":"info"}
{"message":"s4DPUyR9XLkJbmJKAAAA joined chat with username - cat","level":"info"}
{"message":"New connection: HWSPxs0rnNduDJCAAAAB","level":"info"}
{"message":"HWSPxs0rnNduDJCAAAAB tried to join chat with taken username - dog","level":"error"}
{"message":"New connection: _Z0oL4MX4iu_Ly05AAAA","level":"info"}
{"message":"New connection: ucjRv-7XL4B_4euWAAAB","level":"info"}
{"message":"New connection: z9maNFVKJ-qgqeBbAAAC","level":"info"}
{"message":"z9maNFVKJ-qgqeBbAAAC successfully joined chat with username - cat","level":"info"}
{"message":"_Z0oL4MX4iu_Ly05AAAA tried to join chat chat with taken username - dog","level":"error"}
{"message":"New connection: bCT9Ud3MSK6Y1JIMAAAA","level":"info"}
{"message":"New connection: 2d4tUuh-AjY3SREzAAAB","level":"info"}
{"message":"2d4tUuh-AjY3SREzAAAB successfully joined chat with username - cat","level":"info"}
{"message":"bCT9Ud3MSK6Y1JIMAAAA tried to join chat chat with taken username - dog","level":"error"}
{"message":"New connection: MwdbGRMy5S69AnJaAAAA","level":"info"}
{"message":"New connection: DQ19zo3TSpNbNejxAAAB","level":"info"}
{"message":"DQ19zo3TSpNbNejxAAAB successfully joined chat with username - cat","level":"info"}
{"message":"MwdbGRMy5S69AnJaAAAA successfully joined chat with username - dog","level":"info"}
{"message":"New connection: FnSELaz6yrkOIWF4AAAA","level":"info"}
{"message":"New connection: ZG5OfcDg0bn4UMs1AAAB","level":"info"}
{"message":"ZG5OfcDg0bn4UMs1AAAB successfully joined chat with username - dog","level":"info"}
{"message":"FnSELaz6yrkOIWF4AAAA successfully joined chat with username - cat","level":"info"}
{"message":"New connection: dRPuD1_uMXtwRbMnAAAC","level":"info"}
{"message":"New connection: bT_3HMe_LDvsMEe8AAAD","level":"info"}
{"message":"dRPuD1_uMXtwRbMnAAAC successfully joined chat with username - dog","level":"info"}
{"message":"New connection: anUOBnd9QlNjkF0RAAAE","level":"info"}
{"message":"New connection: DrHhuew4yKK3SokxAAAF","level":"info"}
{"message":"anUOBnd9QlNjkF0RAAAE successfully joined chat with username - oba","level":"info"}
{"message":"New connection: Iilwxee4CtH_jxdHAAAG","level":"info"}
{"message":"New connection: UapCBA0IdvjFuj82AAAH","level":"info"}
{"message":"Iilwxee4CtH_jxdHAAAG successfully joined chat with username - doc","level":"info"}
{"message":"New connection: r4G8JFb6sH7LlrSuAAAI","level":"info"}
{"message":"New connection: APnE26aiD4pqZ_BLAAAJ","level":"info"}
{"message":"r4G8JFb6sH7LlrSuAAAI successfully joined chat with username - doc","level":"info"}
{"message":"New connection: ZLyYVYlbw2jTF1JIAAAK","level":"info"}
{"message":"New connection: -rOry8y8JykmzJ3NAAAL","level":"info"}
{"message":"-rOry8y8JykmzJ3NAAAL successfully joined chat with username - dog","level":"info"}
{"message":"New connection: VCdbXnknJJJ7ATZlAAAM","level":"info"}
{"message":"New connection: fO_HJAnshOtthwzSAAAN","level":"info"}
{"message":"fO_HJAnshOtthwzSAAAN successfully joined chat with username - dog","level":"info"}
{"message":"New connection: G7xZBltrB2XDv-kHAAAO","level":"info"}
{"message":"New connection: E8egQW3R4y-WYBC5AAAP","level":"info"}
{"message":"New connection: gQnZBU7ic54Eyzf8AAAQ","level":"info"}
{"message":"New connection: DjtUUdCqj2oYxcL5AAAR","level":"info"}
{"message":"DjtUUdCqj2oYxcL5AAAR successfully joined chat with username - doc","level":"info"}
{"message":"New connection: -rKqIbPtN6fbkLFoAAAS","level":"info"}
{"message":"New connection: XVexuf50BfR7st5_AAAT","level":"info"}
{"message":"-rKqIbPtN6fbkLFoAAAS successfully joined chat with username - doc","level":"info"}
{"message":"New connection: 6mh3cMvSBM1ZNmhHAAAU","level":"info"}
{"message":"New connection: VbBrgDl5jPiWuqPZAAAV","level":"info"}
{"message":"VbBrgDl5jPiWuqPZAAAV successfully joined chat with username - doc","level":"info"}
{"message":"New connection: AdvdOX4dQjrC1Bd8AAAW","level":"info"}
{"message":"New connection: I_nTdpmqfmfRN7ydAAAX","level":"info"}
{"message":"AdvdOX4dQjrC1Bd8AAAW successfully joined chat with username - doc","level":"info"}
{"message":"doc with ID AdvdOX4dQjrC1Bd8AAAW just left the chat","level":"info"}
{"message":"AdvdOX4dQjrC1Bd8AAAW successfully joined chat with username - doc","level":"info"}
{"message":"New connection: brc_Nj5ZwsN0TtOZAAAY","level":"info"}
{"message":"New connection: VLMD0sAAOoUJZZvMAAAZ","level":"info"}
{"message":"VLMD0sAAOoUJZZvMAAAZ successfully joined chat with username - doc","level":"info"}
{"message":"New connection: gf4g2svSYQQCR8UkAAAa","level":"info"}
{"message":"New connection: 5Yev8kO8m13lHs6yAAAb","level":"info"}
{"message":"New connection: enlgnH5tRsbMJIC-AAAA","level":"info"}
{"message":"enlgnH5tRsbMJIC-AAAA successfully joined chat with username - doc","level":"info"}
{"message":"New connection: JhzNAXOFueoU7fmlAAAB","level":"info"}
{"message":"New connection: mLT2sRiU-sgTZRTWAAAC","level":"info"}
{"message":"mLT2sRiU-sgTZRTWAAAC successfully joined chat with username - doc","level":"info"}
{"message":"New connection: 2ELqb6GMCZrFLbcSAAAD","level":"info"}
{"message":"New connection: IYm6iKvf_FSSNo3iAAAE","level":"info"}
{"message":"IYm6iKvf_FSSNo3iAAAE successfully joined chat with username - doc","level":"info"}
{"message":"doc's timer has been reset","level":"info"}
{"message":"doc with ID IYm6iKvf_FSSNo3iAAAE sent a new message - dsd","level":"info"}
{"message":"doc's timer has been reset","level":"info"}
{"message":"doc with ID IYm6iKvf_FSSNo3iAAAE sent a new message - dsds","level":"info"}
{"message":"doc's timer has been reset","level":"info"}
{"message":"doc with ID IYm6iKvf_FSSNo3iAAAE sent a new message - dsds","level":"info"}
{"message":"doc's timer has been reset","level":"info"}
{"message":"doc with ID IYm6iKvf_FSSNo3iAAAE sent a new message - dsds","level":"info"}
{"message":"doc's timer has been reset","level":"info"}
{"message":"doc with ID IYm6iKvf_FSSNo3iAAAE sent a new message - ds","level":"info"}
{"message":"doc's timer has been reset","level":"info"}
{"message":"doc with ID IYm6iKvf_FSSNo3iAAAE sent a new message - ds","level":"info"}
{"message":"doc's timer has been reset","level":"info"}
{"message":"doc with ID IYm6iKvf_FSSNo3iAAAE sent a new message - d","level":"info"}
{"message":"doc's timer has been reset","level":"info"}
{"message":"doc with ID IYm6iKvf_FSSNo3iAAAE sent a new message - sd","level":"info"}
{"message":"doc's timer has been reset","level":"info"}
{"message":"doc with ID IYm6iKvf_FSSNo3iAAAE sent a new message - sd","level":"info"}
{"message":"New connection: TK0lfIuSO5OqjEiCAAAA","level":"info"}
{"message":"New connection: QeRYjdmW3UwByb31AAAB","level":"info"}
{"message":"New connection: zMI1GDra4N5XWb8jAAAC","level":"info"}
{"message":"New connection: xCv26fTF9M7Uh4SSAAAD","level":"info"}
{"message":"New connection: zjkx5HM7F6d6zdo5AAAE","level":"info"}
{"message":"New connection: GNlWlQEMxOcW5NisAAAF","level":"info"}
{"message":"New connection: 8yIs18TbWcR74erOAAAG","level":"info"}
{"message":"New connection: h_BimR_Bb2xx0WYnAAAH","level":"info"}
{"message":"New connection: x9LxyRZi75NJ366MAAAI","level":"info"}
{"message":"New connection: 4I4pjC-O7ARK4JfLAAAJ","level":"info"}
{"message":"New connection: 8IHwIV_llwTJM5erAAAK","level":"info"}
{"message":"New connection: POrjJHQHBwY3YSZJAAAL","level":"info"}
{"message":"New connection: y-H1heG2580Zp4kxAAAM","level":"info"}
{"message":"New connection: Ur2w_YUg3RCsEuGEAAAA","level":"info"}
{"message":"New connection: -Plh1wYOVZolh2hzAAAB","level":"info"}
{"message":"New connection: 28lIIiiuOawfElGjAAAC","level":"info"}
{"message":"New connection: JUzYlaeubUPPU-ALAAAD","level":"info"}
{"message":"New connection: 6FABbipYemW0QKaPAAAE","level":"info"}
{"message":"New connection: kTZgnqXiUhQOn8DiAAAF","level":"info"}
{"message":"New connection: R02I-I7sR7Jpr0bIAAAG","level":"info"}
{"message":"New connection: QXp8Uo5ZzzVA9a-dAAAH","level":"info"}
{"message":"New connection: kXFUrwStm5R9hZxyAAAA","level":"info"}
{"message":"New connection: NQ2wtoq5gp-LR4GIAAAB","level":"info"}
{"message":"New connection: l-bENyGJJUYVG0iEAAAC","level":"info"}
{"message":"New connection: L4c08sJtd82sE8PqAAAD","level":"info"}
{"message":"L4c08sJtd82sE8PqAAAD joined chat with username - dog","level":"info"}
{"message":"dog's timer has been reset","level":"info"}
{"message":"dog with ID L4c08sJtd82sE8PqAAAD sent a new message - dsds","level":"info"}
{"message":"dog's timer has been reset","level":"info"}
{"message":"dog with ID L4c08sJtd82sE8PqAAAD sent a new message - dsds","level":"info"}
{"message":"dog's timer has been reset","level":"info"}
{"message":"dog with ID L4c08sJtd82sE8PqAAAD sent a new message - dsds","level":"info"}
{"message":"New connection: 9_H-Hbm4pGL2b4KGAAAE","level":"info"}
{"message":"New connection: iOM-q_uPQkmUxYjwAAAF","level":"info"}
{"message":"iOM-q_uPQkmUxYjwAAAF joined chat with username - fog","level":"info"}
{"message":"fog's timer has been reset","level":"info"}
{"message":"fog with ID iOM-q_uPQkmUxYjwAAAF sent a new message - hkh","level":"info"}
{"message":"fog's timer has been reset","level":"info"}
{"message":"fog with ID iOM-q_uPQkmUxYjwAAAF sent a new message - jkj","level":"info"}
{"message":"fog's timer has been reset","level":"info"}
{"message":"fog with ID iOM-q_uPQkmUxYjwAAAF sent a new message - jkj","level":"info"}
{"message":"fog's timer has been reset","level":"info"}
{"message":"fog with ID iOM-q_uPQkmUxYjwAAAF sent a new message - jkj","level":"info"}
{"message":"fog's timer has been reset","level":"info"}
{"message":"fog with ID iOM-q_uPQkmUxYjwAAAF sent a new message - jkj","level":"info"}
{"message":"9_H-Hbm4pGL2b4KGAAAE joined chat with username - mouse","level":"info"}
{"message":"mouse's timer has been reset","level":"info"}
{"message":"mouse with ID 9_H-Hbm4pGL2b4KGAAAE sent a new message - jkj","level":"info"}
{"message":"mouse's timer has been reset","level":"info"}
{"message":"mouse with ID 9_H-Hbm4pGL2b4KGAAAE sent a new message - jhjh","level":"info"}
{"message":"mouse's timer has been reset","level":"info"}
{"message":"mouse with ID 9_H-Hbm4pGL2b4KGAAAE sent a new message - jhjh","level":"info"}
{"message":"fog's timer has been reset","level":"info"}
{"message":"fog with ID iOM-q_uPQkmUxYjwAAAF sent a new message - ","level":"info"}
{"message":"fog's timer has been reset","level":"info"}
{"message":"fog with ID iOM-q_uPQkmUxYjwAAAF sent a new message - ","level":"info"}
{"message":"fog's timer has been reset","level":"info"}
{"message":"fog with ID iOM-q_uPQkmUxYjwAAAF sent a new message - ","level":"info"}
{"message":"New connection: wpuLQSaHdSjEBQoKAAAA","level":"info"}
{"message":"wpuLQSaHdSjEBQoKAAAA joined chat with username - dog","level":"info"}
{"message":"dog's timer has been reset","level":"info"}
{"message":"dog with ID wpuLQSaHdSjEBQoKAAAA sent a new message - dsds","level":"info"}
{"message":"dog's timer has been reset","level":"info"}
{"message":"dog with ID wpuLQSaHdSjEBQoKAAAA sent a new message - dsds","level":"info"}
{"message":"dog's timer has been reset","level":"info"}
{"message":"dog with ID wpuLQSaHdSjEBQoKAAAA sent a new message - dsdsd","level":"info"}
{"message":"New connection: NwKkL5fdMSIMc1fRAAAB","level":"info"}
{"message":"NwKkL5fdMSIMc1fRAAAB joined chat with username - dog","level":"info"}
{"message":"dog's timer has been reset","level":"info"}
{"message":"dog with ID NwKkL5fdMSIMc1fRAAAB sent a new message - dsd","level":"info"}
{"message":"dog's timer has been reset","level":"info"}
{"message":"dog with ID NwKkL5fdMSIMc1fRAAAB sent a new message - dsds","level":"info"}
{"message":"dog's timer has been reset","level":"info"}
{"message":"dog with ID NwKkL5fdMSIMc1fRAAAB sent a new message - dsds","level":"info"}
{"message":"New connection: GFoQ_sIfkYgyeajoAAAC","level":"info"}
{"message":"GFoQ_sIfkYgyeajoAAAC joined chat with username - cat","level":"info"}
{"message":"cat's timer has been reset","level":"info"}
{"message":"cat with ID GFoQ_sIfkYgyeajoAAAC sent a new message - dsd","level":"info"}
{"message":"cat's timer has been reset","level":"info"}
{"message":"cat with ID GFoQ_sIfkYgyeajoAAAC sent a new message - dsds","level":"info"}
{"message":"cat's timer has been reset","level":"info"}
{"message":"cat with ID GFoQ_sIfkYgyeajoAAAC sent a new message - dsds","level":"info"}
{"message":"cat's timer has been reset","level":"info"}
{"message":"cat with ID GFoQ_sIfkYgyeajoAAAC sent a new message - dsds","level":"info"}
{"message":"dog's timer has been reset","level":"info"}
{"message":"dog with ID NwKkL5fdMSIMc1fRAAAB sent a new message - dsd","level":"info"}
{"message":"dog's timer has been reset","level":"info"}
{"message":"dog with ID NwKkL5fdMSIMc1fRAAAB sent a new message - dsd","level":"info"}
{"message":"cat's timer has been reset","level":"info"}
{"message":"cat with ID GFoQ_sIfkYgyeajoAAAC sent a new message - dsd","level":"info"}
{"message":"cat's timer has been reset","level":"info"}
{"message":"cat with ID GFoQ_sIfkYgyeajoAAAC sent a new message - dsd","level":"info"}
{"message":"cat's timer has been reset","level":"info"}
{"message":"cat with ID GFoQ_sIfkYgyeajoAAAC sent a new message - dsd","level":"info"}
{"message":"dog's timer has been reset","level":"info"}
{"message":"dog with ID NwKkL5fdMSIMc1fRAAAB sent a new message - dsds","level":"info"}
{"message":"dog's timer has been reset","level":"info"}
{"message":"dog with ID NwKkL5fdMSIMc1fRAAAB sent a new message - dsds","level":"info"}
{"message":"cat's timer has been reset","level":"info"}
{"message":"cat with ID GFoQ_sIfkYgyeajoAAAC sent a new message - dsds","level":"info"}
{"message":"cat's timer has been reset","level":"info"}
{"message":"cat with ID GFoQ_sIfkYgyeajoAAAC sent a new message - sdsds","level":"info"}
{"message":"cat's timer has been reset","level":"info"}
{"message":"cat with ID GFoQ_sIfkYgyeajoAAAC sent a new message - dsds","level":"info"}
{"message":"cat's timer has been reset","level":"info"}
{"message":"cat with ID GFoQ_sIfkYgyeajoAAAC sent a new message - dsds","level":"info"}
{"message":"cat's timer has been reset","level":"info"}
{"message":"cat with ID GFoQ_sIfkYgyeajoAAAC sent a new message - dsds","level":"info"}
{"message":"cat's timer has been reset","level":"info"}
{"message":"cat with ID GFoQ_sIfkYgyeajoAAAC sent a new message - dsds","level":"info"}
{"message":"cat's timer has been reset","level":"info"}
{"message":"cat with ID GFoQ_sIfkYgyeajoAAAC sent a new message - dsds","level":"info"}
{"message":"cat's timer has been reset","level":"info"}
{"message":"cat with ID GFoQ_sIfkYgyeajoAAAC sent a new message - dsds","level":"info"}
{"message":"cat's timer has been reset","level":"info"}
{"message":"cat with ID GFoQ_sIfkYgyeajoAAAC sent a new message - dsds","level":"info"}
{"message":"cat's timer has been reset","level":"info"}
{"message":"cat with ID GFoQ_sIfkYgyeajoAAAC sent a new message - dsds","level":"info"}
{"message":"cat's timer has been reset","level":"info"}
{"message":"cat with ID GFoQ_sIfkYgyeajoAAAC sent a new message - dsds","level":"info"}
{"message":"dog's timer has been reset","level":"info"}
{"message":"dog with ID NwKkL5fdMSIMc1fRAAAB sent a new message - dsds","level":"info"}
{"message":"dog's timer has been reset","level":"info"}
{"message":"dog with ID NwKkL5fdMSIMc1fRAAAB sent a new message - woof","level":"info"}
{"message":"dog's timer has been reset","level":"info"}
{"message":"dog with ID NwKkL5fdMSIMc1fRAAAB sent a new message - dsd","level":"info"}
{"message":"cat's timer has been reset","level":"info"}
{"message":"cat with ID GFoQ_sIfkYgyeajoAAAC sent a new message - dsd","level":"info"}
{"message":"dog's timer has been reset","level":"info"}
{"message":"dog with ID NwKkL5fdMSIMc1fRAAAB sent a new message - woof","level":"info"}
{"message":"GFoQ_sIfkYgyeajoAAAC joined chat with username - dsds","level":"info"}
{"message":"dsds's timer has been reset","level":"info"}
{"message":"dsds with ID GFoQ_sIfkYgyeajoAAAC sent a new message - dsds","level":"info"}
{"message":"dsds's timer has been reset","level":"info"}
{"message":"dsds with ID GFoQ_sIfkYgyeajoAAAC sent a new message - dsds","level":"info"}
{"message":"New connection: KNtJQKV_xyyRTvF9AAAD","level":"info"}
{"message":"New connection: ifCzAcZ1p-ifHPeYAAAE","level":"info"}
{"message":"KNtJQKV_xyyRTvF9AAAD joined chat with username - dog","level":"info"}
{"message":"dog's timer has been reset","level":"info"}
{"message":"dog with ID KNtJQKV_xyyRTvF9AAAD sent a new message - dsd","level":"info"}
{"message":"dog's timer has been reset","level":"info"}
{"message":"dog with ID KNtJQKV_xyyRTvF9AAAD sent a new message - dsds","level":"info"}
{"message":"New connection: raFPt9EQmjEAp0h1AAAF","level":"info"}
{"message":"New connection: ZBpaUniIUl1n-AIMAAAG","level":"info"}
{"message":"raFPt9EQmjEAp0h1AAAF joined chat with username - dog","level":"info"}
{"message":"dog's timer has been reset","level":"info"}
{"message":"dog with ID raFPt9EQmjEAp0h1AAAF sent a new message - dsd","level":"info"}
{"message":"dog's timer has been reset","level":"info"}
{"message":"dog with ID raFPt9EQmjEAp0h1AAAF sent a new message - dsds","level":"info"}
{"message":"ZBpaUniIUl1n-AIMAAAG joined chat with username - cat","level":"info"}
{"message":"cat's timer has been reset","level":"info"}
{"message":"cat with ID ZBpaUniIUl1n-AIMAAAG sent a new message - dsds","level":"info"}
{"message":"cat's timer has been reset","level":"info"}
{"message":"cat with ID ZBpaUniIUl1n-AIMAAAG sent a new message - dsd","level":"info"}
{"message":"dog's timer has been reset","level":"info"}
{"message":"dog with ID raFPt9EQmjEAp0h1AAAF sent a new message - dsd","level":"info"}
{"message":"cat's timer has been reset","level":"info"}
{"message":"cat with ID ZBpaUniIUl1n-AIMAAAG sent a new message - dsd","level":"info"}
{"message":"New connection: mMsx02EQkeCaXpZbAAAH","level":"info"}
{"message":"New connection: gmcUO0AxIU9elu6NAAAI","level":"info"}
{"message":"gmcUO0AxIU9elu6NAAAI joined chat with username - dog","level":"info"}
{"message":"dog's timer has been reset","level":"info"}
{"message":"dog with ID gmcUO0AxIU9elu6NAAAI sent a new message - dsds","level":"info"}
{"message":"dog's timer has been reset","level":"info"}
{"message":"dog with ID gmcUO0AxIU9elu6NAAAI sent a new message - dsd","level":"info"}
{"message":"mMsx02EQkeCaXpZbAAAH joined chat with username - lion","level":"info"}
{"message":"dog's timer has been reset","level":"info"}
{"message":"dog with ID gmcUO0AxIU9elu6NAAAI sent a new message - dsd","level":"info"}
{"message":"dog's timer has been reset","level":"info"}
{"message":"dog with ID gmcUO0AxIU9elu6NAAAI sent a new message - dsds","level":"info"}
{"message":"lion's timer has been reset","level":"info"}
{"message":"lion with ID mMsx02EQkeCaXpZbAAAH sent a new message - dsds","level":"info"}
{"message":"lion's timer has been reset","level":"info"}
{"message":"lion with ID mMsx02EQkeCaXpZbAAAH sent a new message - dsds","level":"info"}
{"message":"lion's timer has been reset","level":"info"}
{"message":"lion with ID mMsx02EQkeCaXpZbAAAH sent a new message - ddddddddddddddddddddddddddd","level":"info"}
{"message":"lion's timer has been reset","level":"info"}
{"message":"lion with ID mMsx02EQkeCaXpZbAAAH sent a new message - ddddddddddddddddd","level":"info"}
{"message":"dog's timer has been reset","level":"info"}
{"message":"dog with ID gmcUO0AxIU9elu6NAAAI sent a new message - ddddddddddddddddd","level":"info"}
{"message":"lion's timer has been reset","level":"info"}
{"message":"lion with ID mMsx02EQkeCaXpZbAAAH sent a new message - dddddddd","level":"info"}
{"message":"dog's timer has been reset","level":"info"}
{"message":"dog with ID gmcUO0AxIU9elu6NAAAI sent a new message - dddddd","level":"info"}
{"message":"dog with ID gmcUO0AxIU9elu6NAAAI just left the chat","level":"info"}
{"message":"lion with ID mMsx02EQkeCaXpZbAAAH just left the chat","level":"info"}
{"message":"mMsx02EQkeCaXpZbAAAH joined chat with username - dog","level":"info"}
{"message":"gmcUO0AxIU9elu6NAAAI joined chat with username - cat","level":"info"}
{"message":"cat's timer has been reset","level":"info"}
{"message":"cat with ID gmcUO0AxIU9elu6NAAAI sent a new message - dsds","level":"info"}
{"message":"dog's timer has been reset","level":"info"}
{"message":"dog with ID mMsx02EQkeCaXpZbAAAH sent a new message - dsd","level":"info"}
{"message":"cat's timer has been reset","level":"info"}
{"message":"cat with ID gmcUO0AxIU9elu6NAAAI sent a new message - dsd","level":"info"}
{"message":"dog's timer has been reset","level":"info"}
{"message":"dog with ID mMsx02EQkeCaXpZbAAAH sent a new message - dsd","level":"info"}
{"message":"cat's timer has been reset","level":"info"}
{"message":"cat with ID gmcUO0AxIU9elu6NAAAI sent a new message - ","level":"info"}
{"message":"cat's timer has been reset","level":"info"}
{"message":"cat with ID gmcUO0AxIU9elu6NAAAI sent a new message - d","level":"info"}
{"message":"cat's timer has been reset","level":"info"}
{"message":"cat with ID gmcUO0AxIU9elu6NAAAI sent a new message - dsd","level":"info"}
{"message":"New connection: XraHXMkP2pU1xgqTAAAJ","level":"info"}
{"message":"XraHXMkP2pU1xgqTAAAJ joined chat with username - dog","level":"info"}
{"message":"dog's timer has been reset","level":"info"}
{"message":"dog with ID XraHXMkP2pU1xgqTAAAJ sent a new message - dsds","level":"info"}
{"message":"dog's timer has been reset","level":"info"}
{"message":"dog with ID XraHXMkP2pU1xgqTAAAJ sent a new message - dsds","level":"info"}
{"message":"New connection: fiu7LCizDP1Yoe1rAAAK","level":"info"}
{"message":"fiu7LCizDP1Yoe1rAAAK joined chat with username - lion","level":"info"}
{"message":"lion's timer has been reset","level":"info"}
{"message":"lion with ID fiu7LCizDP1Yoe1rAAAK sent a new message - dsds","level":"info"}
{"message":"lion's timer has been reset","level":"info"}
{"message":"lion with ID fiu7LCizDP1Yoe1rAAAK sent a new message - dsds","level":"info"}
{"message":"lion's timer has been reset","level":"info"}
{"message":"lion with ID fiu7LCizDP1Yoe1rAAAK sent a new message - dsds","level":"info"}
{"message":"dog's timer has been reset","level":"info"}
{"message":"dog with ID XraHXMkP2pU1xgqTAAAJ sent a new message - dsds","level":"info"}
{"message":"dog's timer has been reset","level":"info"}
{"message":"dog with ID XraHXMkP2pU1xgqTAAAJ sent a new message - ","level":"info"}
{"message":"dog's timer has been reset","level":"info"}
{"message":"dog with ID XraHXMkP2pU1xgqTAAAJ sent a new message - dsds","level":"info"}
{"message":"New connection: X_hk7HAb_8Y7_4UTAAAA","level":"info"}
{"message":"New connection: 1bC2VpMskJmVqX1DAAAB","level":"info"}
{"message":"1bC2VpMskJmVqX1DAAAB joined chat with username - dog","level":"info"}
{"message":"dog's timer has been reset","level":"info"}
{"message":"dog with ID 1bC2VpMskJmVqX1DAAAB sent a new message - dsd","level":"info"}
{"message":"dog's timer has been reset","level":"info"}
{"message":"dog with ID 1bC2VpMskJmVqX1DAAAB sent a new message - dsd","level":"info"}
{"message":"X_hk7HAb_8Y7_4UTAAAA joined chat with username - cat","level":"info"}
{"message":"cat's timer has been reset","level":"info"}
{"message":"cat with ID X_hk7HAb_8Y7_4UTAAAA sent a new message - csc","level":"info"}
{"message":"cat's timer has been reset","level":"info"}
{"message":"cat with ID X_hk7HAb_8Y7_4UTAAAA sent a new message - dsds","level":"info"}
{"message":"cat's timer has been reset","level":"info"}
{"message":"cat with ID X_hk7HAb_8Y7_4UTAAAA sent a new message - dsds","level":"info"}
{"message":"cat's timer has been reset","level":"info"}
{"message":"cat with ID X_hk7HAb_8Y7_4UTAAAA sent a new message - dsd","level":"info"}
{"message":"cat's timer has been reset","level":"info"}
{"message":"cat with ID X_hk7HAb_8Y7_4UTAAAA sent a new message - ds","level":"info"}
{"message":"cat's timer has been reset","level":"info"}
{"message":"cat with ID X_hk7HAb_8Y7_4UTAAAA sent a new message - dsd","level":"info"}
{"message":"cat's timer has been reset","level":"info"}
{"message":"cat with ID X_hk7HAb_8Y7_4UTAAAA sent a new message - dsds","level":"info"}
{"message":"cat's timer has been reset","level":"info"}
{"message":"cat with ID X_hk7HAb_8Y7_4UTAAAA sent a new message - dsds","level":"info"}
{"message":"dog's timer has been reset","level":"info"}
{"message":"dog with ID 1bC2VpMskJmVqX1DAAAB sent a new message - dsd","level":"info"}
{"message":"dog's timer has been reset","level":"info"}
{"message":"dog with ID 1bC2VpMskJmVqX1DAAAB sent a new message - dsd","level":"info"}
{"message":"dog's timer has been reset","level":"info"}
{"message":"dog with ID 1bC2VpMskJmVqX1DAAAB sent a new message - dsd","level":"info"}
{"message":"dog's timer has been reset","level":"info"}
{"message":"dog with ID 1bC2VpMskJmVqX1DAAAB sent a new message - dsds","level":"info"}
{"message":"dog's timer has been reset","level":"info"}
{"message":"dog with ID 1bC2VpMskJmVqX1DAAAB sent a new message - ds","level":"info"}
{"message":"cat's timer has been reset","level":"info"}
{"message":"cat with ID X_hk7HAb_8Y7_4UTAAAA sent a new message - dsd","level":"info"}
{"message":"dog's timer has been reset","level":"info"}
{"message":"dog with ID 1bC2VpMskJmVqX1DAAAB sent a new message - dsd","level":"info"}
{"message":"cat's timer has been reset","level":"info"}
{"message":"cat with ID X_hk7HAb_8Y7_4UTAAAA sent a new message - dsd","level":"info"}
{"message":"dog's timer has been reset","level":"info"}
{"message":"dog with ID 1bC2VpMskJmVqX1DAAAB sent a new message - dsd","level":"info"}
{"message":"cat's timer has been reset","level":"info"}
{"message":"cat with ID X_hk7HAb_8Y7_4UTAAAA sent a new message - dsd","level":"info"}
{"message":"dog's timer has been reset","level":"info"}
{"message":"dog with ID 1bC2VpMskJmVqX1DAAAB sent a new message - dsd","level":"info"}
{"message":"New connection: RojcHZ9eiSrpoRMRAAAC","level":"info"}
{"message":"New connection: DHoa_mMvrCd7fOa_AAAD","level":"info"}
{"message":"RojcHZ9eiSrpoRMRAAAC joined chat with username - lion","level":"info"}
{"message":"lion's timer has been reset","level":"info"}
{"message":"lion with ID RojcHZ9eiSrpoRMRAAAC sent a new message - dsd","level":"info"}
{"message":"lion's timer has been reset","level":"info"}
{"message":"lion with ID RojcHZ9eiSrpoRMRAAAC sent a new message - dsd","level":"info"}
{"message":"lion's timer has been reset","level":"info"}
{"message":"lion with ID RojcHZ9eiSrpoRMRAAAC sent a new message - dsds","level":"info"}
{"message":"lion's timer has been reset","level":"info"}
{"message":"lion with ID RojcHZ9eiSrpoRMRAAAC sent a new message - dsd","level":"info"}
{"message":"DHoa_mMvrCd7fOa_AAAD joined chat with username - dog","level":"info"}
{"message":"dog's timer has been reset","level":"info"}
{"message":"dog with ID DHoa_mMvrCd7fOa_AAAD sent a new message - dsd","level":"info"}
{"message":"dog's timer has been reset","level":"info"}
{"message":"dog with ID DHoa_mMvrCd7fOa_AAAD sent a new message - dsd","level":"info"}
{"message":"dog's timer has been reset","level":"info"}
{"message":"dog with ID DHoa_mMvrCd7fOa_AAAD sent a new message - dsd","level":"info"}
{"message":"New connection: zQfP5ZA04RxIhc0mAAAE","level":"info"}
{"message":"New connection: wRePW3tdJOHGbH07AAAF","level":"info"}
{"message":"New connection: AHete4F9nlSKJQc6AAAA","level":"info"}
{"message":"New connection: g2OiDkm8GTT4yrA7AAAB","level":"info"}
{"message":"g2OiDkm8GTT4yrA7AAAB joined chat with username - dog","level":"info"}
{"message":"dog's timer has been reset","level":"info"}
{"message":"dog with ID g2OiDkm8GTT4yrA7AAAB sent a new message - dsds","level":"info"}
{"message":"dog's timer has been reset","level":"info"}
{"message":"dog with ID g2OiDkm8GTT4yrA7AAAB sent a new message - dsds","level":"info"}
{"message":"dog's timer has been reset","level":"info"}
{"message":"dog with ID g2OiDkm8GTT4yrA7AAAB sent a new message - dsds","level":"info"}
{"message":"AHete4F9nlSKJQc6AAAA joined chat with username - lion","level":"info"}
{"message":"lion's timer has been reset","level":"info"}
{"message":"lion with ID AHete4F9nlSKJQc6AAAA sent a new message - dsds","level":"info"}
{"message":"lion's timer has been reset","level":"info"}
{"message":"lion with ID AHete4F9nlSKJQc6AAAA sent a new message - dsds","level":"info"}
{"message":"lion's timer has been reset","level":"info"}
{"message":"lion with ID AHete4F9nlSKJQc6AAAA sent a new message - dsds","level":"info"}
{"message":"New connection: oiLj8pc_7f6rbhpjAAAC","level":"info"}
{"message":"New connection: KjZM7lUCig4XI2asAAAD","level":"info"}
{"message":"oiLj8pc_7f6rbhpjAAAC tried to join chat chat with taken username - dog","level":"error"}
{"message":"KjZM7lUCig4XI2asAAAD joined chat with username - cat","level":"info"}
{"message":"oiLj8pc_7f6rbhpjAAAC joined chat with username - whale","level":"info"}
{"message":"whale's timer has been reset","level":"info"}
{"message":"whale with ID oiLj8pc_7f6rbhpjAAAC sent a new message - dsd","level":"info"}
{"message":"cat's timer has been reset","level":"info"}
{"message":"cat with ID KjZM7lUCig4XI2asAAAD sent a new message - dsds","level":"info"}
{"message":"KjZM7lUCig4XI2asAAAD joined chat with username - dog","level":"info"}
{"message":"dog's timer has been reset","level":"info"}
{"message":"dog with ID KjZM7lUCig4XI2asAAAD sent a new message - dsd","level":"info"}
{"message":"dog's timer has been reset","level":"info"}
{"message":"dog with ID KjZM7lUCig4XI2asAAAD sent a new message - dsds","level":"info"}
{"message":"dog's timer has been reset","level":"info"}
{"message":"dog with ID KjZM7lUCig4XI2asAAAD sent a new message - dsd","level":"info"}
{"message":"New connection: IORgHYLABQ9yVBD7AAAE","level":"info"}
{"message":"New connection: VbpZhJO_FYlARcP9AAAF","level":"info"}
{"message":"New connection: PYsCYW3wyJF8YE1EAAAG","level":"info"}
{"message":"PYsCYW3wyJF8YE1EAAAG joined chat with username - dog","level":"info"}
{"message":"dog's timer has been reset","level":"info"}
{"message":"dog with ID PYsCYW3wyJF8YE1EAAAG sent a new message - dsds","level":"info"}
{"message":"New connection: dV7fI2yMNSn5jYCrAAAH","level":"info"}
{"message":"dV7fI2yMNSn5jYCrAAAH joined chat with username - cat","level":"info"}
{"message":"cat's timer has been reset","level":"info"}
{"message":"cat with ID dV7fI2yMNSn5jYCrAAAH sent a new message - dsds","level":"info"}
{"message":"cat's timer has been reset","level":"info"}
{"message":"cat with ID dV7fI2yMNSn5jYCrAAAH sent a new message - dsds","level":"info"}
{"message":"cat's timer has been reset","level":"info"}
{"message":"cat with ID dV7fI2yMNSn5jYCrAAAH sent a new message - dsds","level":"info"}
{"message":"dog's timer has been reset","level":"info"}
{"message":"dog with ID PYsCYW3wyJF8YE1EAAAG sent a new message - dsds","level":"info"}
{"message":"dog's timer has been reset","level":"info"}
{"message":"dog with ID PYsCYW3wyJF8YE1EAAAG sent a new message - dsds","level":"info"}
{"message":"cat's timer has been reset","level":"info"}
{"message":"cat with ID dV7fI2yMNSn5jYCrAAAH sent a new message - ds","level":"info"}
{"message":"dog's timer has been reset","level":"info"}
{"message":"dog with ID PYsCYW3wyJF8YE1EAAAG sent a new message - dsd","level":"info"}
{"message":"cat's timer has been reset","level":"info"}
{"message":"cat with ID dV7fI2yMNSn5jYCrAAAH sent a new message - dsds","level":"info"}
{"message":"dog's timer has been reset","level":"info"}
{"message":"dog with ID PYsCYW3wyJF8YE1EAAAG sent a new message - ds","level":"info"}
{"message":"dog with ID PYsCYW3wyJF8YE1EAAAG just left the chat","level":"info"}
{"message":"cat with ID dV7fI2yMNSn5jYCrAAAH just left the chat","level":"info"}
